<?xml version="1.0" encoding="UTF-8"?>
<!-- Generated by org.testng.reporters.JUnitXMLReporter -->
<testsuite hostname="EKBANA16" ignored="0" name="Default test" tests="4" failures="0" timestamp="12 Jun 2017 12:10:15 GMT" time="134.62" errors="0">
  <testcase name="addBlankRecruiterUser" time="7.275" classname="PajeObject.RecruitUsersCases"/>
  <testcase name="addNewRecruiterUser" time="8.789" classname="PajeObject.RecruitUsersCases"/>
  <testcase name="addExistingRecruiterUser" time="9.3" classname="PajeObject.RecruitUsersCases"/>
  <testcase name="addUserUsingFullData" time="13.506" classname="PajeObject.RecruitUsersCases"/>
</testsuite> <!-- Default test -->
