<?xml version="1.0" encoding="UTF-8"?>
<!-- Generated by org.testng.reporters.JUnitXMLReporter -->
<testsuite hostname="EKBANA16" ignored="0" name="Default test" tests="4" failures="0" timestamp="21 Jun 2017 11:17:59 GMT" time="134.966" errors="0">
  <testcase name="addBlankRecruiterUser" time="3.262" classname="PajeObject.AddRecruitUsersCases"/>
  <testcase name="addNewRecruiterUser" time="8.34" classname="PajeObject.AddRecruitUsersCases"/>
  <testcase name="addRecruiterUsingFullData" time="13.324" classname="PajeObject.AddRecruitUsersCases"/>
  <testcase name="addExistingRecruiterUser" time="13.035" classname="PajeObject.AddRecruitUsersCases"/>
</testsuite> <!-- Default test -->
