<?xml version="1.0" encoding="UTF-8"?>
<testng-results skipped="0" failed="0" ignored="0" total="4" passed="4">
  <reporter-output>
  </reporter-output>
  <suite name="Default suite" duration-ms="134620" started-at="2017-06-12T12:08:01Z" finished-at="2017-06-12T12:10:15Z">
    <groups>
    </groups>
    <test name="Default test" duration-ms="134620" started-at="2017-06-12T12:08:01Z" finished-at="2017-06-12T12:10:15Z">
      <class name="PajeObject.RecruitUsersCases">
        <test-method status="PASS" signature="setUp()[pri:0, instance:PajeObject.RecruitUsersCases@51565ec2]" name="setUp" is-config="true" duration-ms="25651" started-at="2017-06-12T17:53:01Z" finished-at="2017-06-12T17:53:26Z">
          <reporter-output>
          </reporter-output>
        </test-method> <!-- setUp -->
        <test-method status="PASS" signature="addBlankRecruiterUser()[pri:1, instance:PajeObject.RecruitUsersCases@51565ec2]" name="addBlankRecruiterUser" duration-ms="7275" started-at="2017-06-12T17:53:26Z" finished-at="2017-06-12T17:53:34Z">
          <reporter-output>
          </reporter-output>
        </test-method> <!-- addBlankRecruiterUser -->
        <test-method status="PASS" signature="setUp()[pri:0, instance:PajeObject.RecruitUsersCases@51565ec2]" name="setUp" is-config="true" duration-ms="23075" started-at="2017-06-12T17:53:34Z" finished-at="2017-06-12T17:53:57Z">
          <reporter-output>
          </reporter-output>
        </test-method> <!-- setUp -->
        <test-method status="PASS" signature="addNewRecruiterUser()[pri:2, instance:PajeObject.RecruitUsersCases@51565ec2]" name="addNewRecruiterUser" duration-ms="8789" started-at="2017-06-12T17:53:57Z" finished-at="2017-06-12T17:54:06Z">
          <reporter-output>
          </reporter-output>
        </test-method> <!-- addNewRecruiterUser -->
        <test-method status="PASS" signature="setUp()[pri:0, instance:PajeObject.RecruitUsersCases@51565ec2]" name="setUp" is-config="true" duration-ms="22952" started-at="2017-06-12T17:54:06Z" finished-at="2017-06-12T17:54:28Z">
          <reporter-output>
          </reporter-output>
        </test-method> <!-- setUp -->
        <test-method status="PASS" signature="addExistingRecruiterUser()[pri:3, instance:PajeObject.RecruitUsersCases@51565ec2]" name="addExistingRecruiterUser" duration-ms="9300" started-at="2017-06-12T17:54:28Z" finished-at="2017-06-12T17:54:38Z">
          <reporter-output>
          </reporter-output>
        </test-method> <!-- addExistingRecruiterUser -->
        <test-method status="PASS" signature="setUp()[pri:0, instance:PajeObject.RecruitUsersCases@51565ec2]" name="setUp" is-config="true" duration-ms="23911" started-at="2017-06-12T17:54:38Z" finished-at="2017-06-12T17:55:02Z">
          <reporter-output>
          </reporter-output>
        </test-method> <!-- setUp -->
        <test-method status="PASS" signature="addUserUsingFullData()[pri:4, instance:PajeObject.RecruitUsersCases@51565ec2]" name="addUserUsingFullData" duration-ms="13506" started-at="2017-06-12T17:55:02Z" finished-at="2017-06-12T17:55:15Z">
          <reporter-output>
          </reporter-output>
        </test-method> <!-- addUserUsingFullData -->
      </class> <!-- PajeObject.RecruitUsersCases -->
    </test> <!-- Default test -->
  </suite> <!-- Default suite -->
</testng-results>
